{
  "stats": {
    "suites": 1,
    "tests": 4,
    "passes": 4,
    "pending": 0,
    "failures": 0,
    "start": "2021-10-11T22:24:00.856Z",
    "end": "2021-10-11T22:24:36.860Z",
    "duration": 36004,
    "testsRegistered": 4,
    "passPercent": 100,
    "pendingPercent": 0,
    "other": 0,
    "hasOther": false,
    "skipped": 0,
    "hasSkipped": false
  },
  "results": [
    {
      "uuid": "abcd0443-c930-4d75-9bb9-0029bc6a7414",
      "title": "",
      "fullFile": "cypress/integration/cadastro-usuario.js",
      "file": "cypress/integration/cadastro-usuario.js",
      "beforeHooks": [],
      "afterHooks": [],
      "tests": [],
      "suites": [
        {
          "uuid": "927b61b7-bd83-4d36-a789-be6c0ba2b6b2",
          "title": "Cadastro de usuário",
          "fullFile": "",
          "file": "",
          "beforeHooks": [],
          "afterHooks": [],
          "tests": [
            {
              "title": "Quando informo um email já em uso, então deve ser apresentado uma mensagem de erro",
              "fullTitle": "Cadastro de usuário Quando informo um email já em uso, então deve ser apresentado uma mensagem de erro",
              "timedOut": null,
              "duration": 7835,
              "state": "passed",
              "speed": "slow",
              "pass": true,
              "fail": false,
              "pending": false,
              "context": null,
              "code": "cy.visit('http://automationpractice.com/index.php'); //acessa tela de login /cadastro\ncy.get('a.login').click(); //preenchimento de email já cadastrado e clique no botão de registrar\ncy.get('input#email_create').type('kosew@sog.hr');\ncy.get('button#SubmitCreate').click(); //assertion de alert de erro\ncy.get('div#create_account_error').should('have.text', 'An account using this email address has already been registered. Please enter a valid password or request a new one. ');",
              "err": {},
              "uuid": "cc9e3344-5849-4ee8-9bfd-987ab45ffd43",
              "parentUUID": "927b61b7-bd83-4d36-a789-be6c0ba2b6b2",
              "isHook": false,
              "skipped": false
            },
            {
              "title": "Quando informo um email inválido, então devo ver uma mensagem de erro",
              "fullTitle": "Cadastro de usuário Quando informo um email inválido, então devo ver uma mensagem de erro",
              "timedOut": null,
              "duration": 4561,
              "state": "passed",
              "speed": "slow",
              "pass": true,
              "fail": false,
              "pending": false,
              "context": null,
              "code": "cy.visit('http://automationpractice.com/index.php'); //acessa tela de login /cadastro\ncy.get('a.login').click(); //preenchimento de email já cadastrado e clique no botão de registrar\ncy.get('input#email_create').type('newmail123');\ncy.get('button#SubmitCreate').click(); //assertion url da tela de cadastro\ncy.get('div#create_account_error').should('have.text', 'Invalid email address.');",
              "err": {},
              "uuid": "7ff05e9a-f630-4c74-8029-6a4edeb77d35",
              "parentUUID": "927b61b7-bd83-4d36-a789-be6c0ba2b6b2",
              "isHook": false,
              "skipped": false
            },
            {
              "title": "Quando não preencho informações do formulário e clico em registrar, então o cadastro não deve ser realizado",
              "fullTitle": "Cadastro de usuário Quando não preencho informações do formulário e clico em registrar, então o cadastro não deve ser realizado",
              "timedOut": null,
              "duration": 6773,
              "state": "passed",
              "speed": "slow",
              "pass": true,
              "fail": false,
              "pending": false,
              "context": null,
              "code": "cy.visit('http://automationpractice.com/index.php'); //acessa tela de login /cadastro\ncy.get('a.login').click(); //preenchimento de email de clique no botão de registrar\ncy.get('input#email_create').type(user.email);\ncy.get('button#SubmitCreate').click(); //confirmar registro\ncy.get('button#submitAccount').click(); //assertion url da tela de cadastro\ncy.url().should('include', 'controller=authentication');",
              "err": {},
              "uuid": "bd73388e-8e06-43ef-b215-7f244b4da872",
              "parentUUID": "927b61b7-bd83-4d36-a789-be6c0ba2b6b2",
              "isHook": false,
              "skipped": false
            },
            {
              "title": "Quando acesso a página de registro, informo os dados e confirmo, então o registro deve ser realizado",
              "fullTitle": "Cadastro de usuário Quando acesso a página de registro, informo os dados e confirmo, então o registro deve ser realizado",
              "timedOut": null,
              "duration": 13923,
              "state": "passed",
              "speed": "slow",
              "pass": true,
              "fail": false,
              "pending": false,
              "context": null,
              "code": "cy.visit('http://automationpractice.com/index.php'); //acessa tela de login /cadastro\ncy.get('a.login').click(); //preenchimento de email de clique no botão de registrar\ncy.get('input#email_create').type(user.email);\ncy.get('button#SubmitCreate').click(); //assertion de url de tela de registro\ncy.url().should('include', '#account-creation'); //preenchimento do formulário de registro\ncy.get('input#id_gender1').check();\ncy.get('input#customer_firstname').type(user.name.first);\ncy.get('input#customer_lastname').type(user.name.last);\ncy.get('input#passwd').type('Senha@123');\ncy.get('select#days').select(`${chance.integer({\n  min: 1,\n  max: 30\n})}`);\ncy.get('select#months').select(`${chance.integer({\n  min: 1,\n  max: 12\n})}`);\ncy.get('select#years').select(`${chance.integer({\n  min: 1960,\n  max: 2003\n})}`);\ncy.get('input#address1').type(chance.address());\ncy.get('input#city').type(chance.city());\ncy.get('select#id_state').select(`${chance.integer({\n  min: 1,\n  max: 20\n})}`);\ncy.get('input#postcode').type(chance.integer({\n  min: 10000,\n  max: 99999\n}));\ncy.get('input#phone_mobile').type(chance.phone());\ncy.get('input#alias').type('Alias'); //confirmar registro\ncy.get('button#submitAccount').click(); //assertion do registro\ncy.url().should('include', 'controller=my-account');\ncy.get('.account > span').should('have.text', `${user.name.first} ${user.name.last}`);",
              "err": {},
              "uuid": "0aef4485-72c5-41a3-a47c-d2beaba09301",
              "parentUUID": "927b61b7-bd83-4d36-a789-be6c0ba2b6b2",
              "isHook": false,
              "skipped": false
            }
          ],
          "suites": [],
          "passes": [
            "cc9e3344-5849-4ee8-9bfd-987ab45ffd43",
            "7ff05e9a-f630-4c74-8029-6a4edeb77d35",
            "bd73388e-8e06-43ef-b215-7f244b4da872",
            "0aef4485-72c5-41a3-a47c-d2beaba09301"
          ],
          "failures": [],
          "pending": [],
          "skipped": [],
          "duration": 33092,
          "root": false,
          "rootEmpty": false,
          "_timeout": 2000
        }
      ],
      "passes": [],
      "failures": [],
      "pending": [],
      "skipped": [],
      "duration": 0,
      "root": true,
      "rootEmpty": true,
      "_timeout": 2000
    }
  ],
  "meta": {
    "mocha": {
      "version": "7.0.1"
    },
    "mochawesome": {
      "options": {
        "quiet": true,
        "reportFilename": "mochawesome",
        "saveHtml": false,
        "saveJson": true,
        "consoleReporter": "spec",
        "useInlineDiffs": false,
        "code": true
      },
      "version": "6.3.1"
    },
    "marge": {
      "options": {
        "id": "default",
        "reportDir": "mochawesome-report",
        "quiet": true,
        "overwrite": false,
        "html": false,
        "json": true
      },
      "version": "5.2.0"
    }
  }
}